<?xml version="1.0" encoding="UTF-8"?>
<testsuite xmlns:xsi="http://www.w3.org/2001/XMLSchema-instance" xsi:noNamespaceSchemaLocation="https://maven.apache.org/surefire/maven-surefire-plugin/xsd/surefire-test-report-3.0.xsd" version="3.0" name="br.com.fiap.postech.service_pedido.service.PedidoServiceImplTest" time="0.088" tests="5" errors="0" skipped="0" failures="0">
  <properties>
    <property name="java.specification.version" value="22"/>
    <property name="sun.jnu.encoding" value="UTF-8"/>
    <property name="java.class.path" value="/home/marcos/projeto/fiap/tech_challenge_4/service--pedido/target/test-classes:/home/marcos/projeto/fiap/tech_challenge_4/service--pedido/target/classes:/home/marcos/.m2/repository/org/springframework/boot/spring-boot-starter-amqp/3.3.0/spring-boot-starter-amqp-3.3.0.jar:/home/marcos/.m2/repository/org/springframework/boot/spring-boot-starter/3.3.0/spring-boot-starter-3.3.0.jar:/home/marcos/.m2/repository/org/springframework/boot/spring-boot/3.3.0/spring-boot-3.3.0.jar:/home/marcos/.m2/repository/org/springframework/boot/spring-boot-autoconfigure/3.3.0/spring-boot-autoconfigure-3.3.0.jar:/home/marcos/.m2/repository/org/springframework/boot/spring-boot-starter-logging/3.3.0/spring-boot-starter-logging-3.3.0.jar:/home/marcos/.m2/repository/ch/qos/logback/logback-classic/1.5.6/logback-classic-1.5.6.jar:/home/marcos/.m2/repository/ch/qos/logback/logback-core/1.5.6/logback-core-1.5.6.jar:/home/marcos/.m2/repository/org/apache/logging/log4j/log4j-to-slf4j/2.23.1/log4j-to-slf4j-2.23.1.jar:/home/marcos/.m2/repository/org/apache/logging/log4j/log4j-api/2.23.1/log4j-api-2.23.1.jar:/home/marcos/.m2/repository/org/slf4j/jul-to-slf4j/2.0.13/jul-to-slf4j-2.0.13.jar:/home/marcos/.m2/repository/jakarta/annotation/jakarta.annotation-api/2.1.1/jakarta.annotation-api-2.1.1.jar:/home/marcos/.m2/repository/org/yaml/snakeyaml/2.2/snakeyaml-2.2.jar:/home/marcos/.m2/repository/org/springframework/spring-messaging/6.1.8/spring-messaging-6.1.8.jar:/home/marcos/.m2/repository/org/springframework/spring-beans/6.1.8/spring-beans-6.1.8.jar:/home/marcos/.m2/repository/org/springframework/amqp/spring-rabbit/3.1.5/spring-rabbit-3.1.5.jar:/home/marcos/.m2/repository/org/springframework/amqp/spring-amqp/3.1.5/spring-amqp-3.1.5.jar:/home/marcos/.m2/repository/org/springframework/retry/spring-retry/2.0.6/spring-retry-2.0.6.jar:/home/marcos/.m2/repository/com/rabbitmq/amqp-client/5.21.0/amqp-client-5.21.0.jar:/home/marcos/.m2/repository/org/springframework/spring-context/6.1.8/spring-context-6.1.8.jar:/home/marcos/.m2/repository/org/springframework/spring-tx/6.1.8/spring-tx-6.1.8.jar:/home/marcos/.m2/repository/io/micrometer/micrometer-observation/1.13.0/micrometer-observation-1.13.0.jar:/home/marcos/.m2/repository/io/micrometer/micrometer-commons/1.13.0/micrometer-commons-1.13.0.jar:/home/marcos/.m2/repository/org/springframework/boot/spring-boot-starter-web/3.3.0/spring-boot-starter-web-3.3.0.jar:/home/marcos/.m2/repository/org/springframework/boot/spring-boot-starter-json/3.3.0/spring-boot-starter-json-3.3.0.jar:/home/marcos/.m2/repository/com/fasterxml/jackson/core/jackson-databind/2.17.1/jackson-databind-2.17.1.jar:/home/marcos/.m2/repository/com/fasterxml/jackson/core/jackson-annotations/2.17.1/jackson-annotations-2.17.1.jar:/home/marcos/.m2/repository/com/fasterxml/jackson/core/jackson-core/2.17.1/jackson-core-2.17.1.jar:/home/marcos/.m2/repository/com/fasterxml/jackson/datatype/jackson-datatype-jdk8/2.17.1/jackson-datatype-jdk8-2.17.1.jar:/home/marcos/.m2/repository/com/fasterxml/jackson/datatype/jackson-datatype-jsr310/2.17.1/jackson-datatype-jsr310-2.17.1.jar:/home/marcos/.m2/repository/com/fasterxml/jackson/module/jackson-module-parameter-names/2.17.1/jackson-module-parameter-names-2.17.1.jar:/home/marcos/.m2/repository/org/springframework/boot/spring-boot-starter-tomcat/3.3.0/spring-boot-starter-tomcat-3.3.0.jar:/home/marcos/.m2/repository/org/apache/tomcat/embed/tomcat-embed-core/10.1.24/tomcat-embed-core-10.1.24.jar:/home/marcos/.m2/repository/org/apache/tomcat/embed/tomcat-embed-websocket/10.1.24/tomcat-embed-websocket-10.1.24.jar:/home/marcos/.m2/repository/org/springframework/spring-web/6.1.8/spring-web-6.1.8.jar:/home/marcos/.m2/repository/org/springframework/spring-webmvc/6.1.8/spring-webmvc-6.1.8.jar:/home/marcos/.m2/repository/org/springframework/spring-aop/6.1.8/spring-aop-6.1.8.jar:/home/marcos/.m2/repository/org/springframework/spring-expression/6.1.8/spring-expression-6.1.8.jar:/home/marcos/.m2/repository/org/springframework/boot/spring-boot-starter-data-mongodb/3.3.0/spring-boot-starter-data-mongodb-3.3.0.jar:/home/marcos/.m2/repository/org/mongodb/mongodb-driver-sync/5.0.1/mongodb-driver-sync-5.0.1.jar:/home/marcos/.m2/repository/org/mongodb/bson/5.0.1/bson-5.0.1.jar:/home/marcos/.m2/repository/org/mongodb/mongodb-driver-core/5.0.1/mongodb-driver-core-5.0.1.jar:/home/marcos/.m2/repository/org/mongodb/bson-record-codec/5.0.1/bson-record-codec-5.0.1.jar:/home/marcos/.m2/repository/org/springframework/data/spring-data-mongodb/4.3.0/spring-data-mongodb-4.3.0.jar:/home/marcos/.m2/repository/org/springframework/data/spring-data-commons/3.3.0/spring-data-commons-3.3.0.jar:/home/marcos/.m2/repository/org/slf4j/slf4j-api/2.0.13/slf4j-api-2.0.13.jar:/home/marcos/.m2/repository/org/springframework/boot/spring-boot-starter-validation/3.3.0/spring-boot-starter-validation-3.3.0.jar:/home/marcos/.m2/repository/org/apache/tomcat/embed/tomcat-embed-el/10.1.24/tomcat-embed-el-10.1.24.jar:/home/marcos/.m2/repository/org/hibernate/validator/hibernate-validator/8.0.1.Final/hibernate-validator-8.0.1.Final.jar:/home/marcos/.m2/repository/jakarta/validation/jakarta.validation-api/3.0.2/jakarta.validation-api-3.0.2.jar:/home/marcos/.m2/repository/org/jboss/logging/jboss-logging/3.5.3.Final/jboss-logging-3.5.3.Final.jar:/home/marcos/.m2/repository/com/fasterxml/classmate/1.7.0/classmate-1.7.0.jar:/home/marcos/.m2/repository/org/projectlombok/lombok/1.18.32/lombok-1.18.32.jar:/home/marcos/.m2/repository/org/springframework/boot/spring-boot-starter-test/3.3.0/spring-boot-starter-test-3.3.0.jar:/home/marcos/.m2/repository/org/springframework/boot/spring-boot-test/3.3.0/spring-boot-test-3.3.0.jar:/home/marcos/.m2/repository/org/springframework/boot/spring-boot-test-autoconfigure/3.3.0/spring-boot-test-autoconfigure-3.3.0.jar:/home/marcos/.m2/repository/com/jayway/jsonpath/json-path/2.9.0/json-path-2.9.0.jar:/home/marcos/.m2/repository/jakarta/xml/bind/jakarta.xml.bind-api/4.0.2/jakarta.xml.bind-api-4.0.2.jar:/home/marcos/.m2/repository/jakarta/activation/jakarta.activation-api/2.1.3/jakarta.activation-api-2.1.3.jar:/home/marcos/.m2/repository/net/minidev/json-smart/2.5.1/json-smart-2.5.1.jar:/home/marcos/.m2/repository/net/minidev/accessors-smart/2.5.1/accessors-smart-2.5.1.jar:/home/marcos/.m2/repository/org/ow2/asm/asm/9.6/asm-9.6.jar:/home/marcos/.m2/repository/org/assertj/assertj-core/3.25.3/assertj-core-3.25.3.jar:/home/marcos/.m2/repository/org/awaitility/awaitility/4.2.1/awaitility-4.2.1.jar:/home/marcos/.m2/repository/org/hamcrest/hamcrest/2.2/hamcrest-2.2.jar:/home/marcos/.m2/repository/org/junit/jupiter/junit-jupiter/5.10.2/junit-jupiter-5.10.2.jar:/home/marcos/.m2/repository/org/junit/jupiter/junit-jupiter-params/5.10.2/junit-jupiter-params-5.10.2.jar:/home/marcos/.m2/repository/org/mockito/mockito-junit-jupiter/5.11.0/mockito-junit-jupiter-5.11.0.jar:/home/marcos/.m2/repository/org/skyscreamer/jsonassert/1.5.1/jsonassert-1.5.1.jar:/home/marcos/.m2/repository/com/vaadin/external/google/android-json/0.0.20131108.vaadin1/android-json-0.0.20131108.vaadin1.jar:/home/marcos/.m2/repository/org/springframework/spring-core/6.1.8/spring-core-6.1.8.jar:/home/marcos/.m2/repository/org/springframework/spring-jcl/6.1.8/spring-jcl-6.1.8.jar:/home/marcos/.m2/repository/org/springframework/spring-test/6.1.8/spring-test-6.1.8.jar:/home/marcos/.m2/repository/org/xmlunit/xmlunit-core/2.9.1/xmlunit-core-2.9.1.jar:/home/marcos/.m2/repository/software/amazon/awssdk/sns/2.20.47/sns-2.20.47.jar:/home/marcos/.m2/repository/software/amazon/awssdk/aws-query-protocol/2.20.47/aws-query-protocol-2.20.47.jar:/home/marcos/.m2/repository/software/amazon/awssdk/protocol-core/2.20.47/protocol-core-2.20.47.jar:/home/marcos/.m2/repository/software/amazon/awssdk/sdk-core/2.20.47/sdk-core-2.20.47.jar:/home/marcos/.m2/repository/software/amazon/awssdk/profiles/2.20.47/profiles-2.20.47.jar:/home/marcos/.m2/repository/org/reactivestreams/reactive-streams/1.0.4/reactive-streams-1.0.4.jar:/home/marcos/.m2/repository/software/amazon/awssdk/auth/2.20.47/auth-2.20.47.jar:/home/marcos/.m2/repository/software/amazon/eventstream/eventstream/1.0.1/eventstream-1.0.1.jar:/home/marcos/.m2/repository/software/amazon/awssdk/http-client-spi/2.20.47/http-client-spi-2.20.47.jar:/home/marcos/.m2/repository/software/amazon/awssdk/regions/2.20.47/regions-2.20.47.jar:/home/marcos/.m2/repository/software/amazon/awssdk/annotations/2.20.47/annotations-2.20.47.jar:/home/marcos/.m2/repository/software/amazon/awssdk/utils/2.20.47/utils-2.20.47.jar:/home/marcos/.m2/repository/software/amazon/awssdk/aws-core/2.20.47/aws-core-2.20.47.jar:/home/marcos/.m2/repository/software/amazon/awssdk/metrics-spi/2.20.47/metrics-spi-2.20.47.jar:/home/marcos/.m2/repository/software/amazon/awssdk/json-utils/2.20.47/json-utils-2.20.47.jar:/home/marcos/.m2/repository/software/amazon/awssdk/third-party-jackson-core/2.20.47/third-party-jackson-core-2.20.47.jar:/home/marcos/.m2/repository/software/amazon/awssdk/endpoints-spi/2.20.47/endpoints-spi-2.20.47.jar:/home/marcos/.m2/repository/software/amazon/awssdk/apache-client/2.20.47/apache-client-2.20.47.jar:/home/marcos/.m2/repository/org/apache/httpcomponents/httpclient/4.5.13/httpclient-4.5.13.jar:/home/marcos/.m2/repository/commons-logging/commons-logging/1.2/commons-logging-1.2.jar:/home/marcos/.m2/repository/org/apache/httpcomponents/httpcore/4.4.16/httpcore-4.4.16.jar:/home/marcos/.m2/repository/commons-codec/commons-codec/1.16.1/commons-codec-1.16.1.jar:/home/marcos/.m2/repository/software/amazon/awssdk/netty-nio-client/2.20.47/netty-nio-client-2.20.47.jar:/home/marcos/.m2/repository/io/netty/netty-codec-http/4.1.110.Final/netty-codec-http-4.1.110.Final.jar:/home/marcos/.m2/repository/io/netty/netty-codec-http2/4.1.110.Final/netty-codec-http2-4.1.110.Final.jar:/home/marcos/.m2/repository/io/netty/netty-codec/4.1.110.Final/netty-codec-4.1.110.Final.jar:/home/marcos/.m2/repository/io/netty/netty-transport/4.1.110.Final/netty-transport-4.1.110.Final.jar:/home/marcos/.m2/repository/io/netty/netty-resolver/4.1.110.Final/netty-resolver-4.1.110.Final.jar:/home/marcos/.m2/repository/io/netty/netty-common/4.1.110.Final/netty-common-4.1.110.Final.jar:/home/marcos/.m2/repository/io/netty/netty-buffer/4.1.110.Final/netty-buffer-4.1.110.Final.jar:/home/marcos/.m2/repository/io/netty/netty-handler/4.1.110.Final/netty-handler-4.1.110.Final.jar:/home/marcos/.m2/repository/io/netty/netty-transport-native-unix-common/4.1.110.Final/netty-transport-native-unix-common-4.1.110.Final.jar:/home/marcos/.m2/repository/io/netty/netty-transport-classes-epoll/4.1.110.Final/netty-transport-classes-epoll-4.1.110.Final.jar:/home/marcos/.m2/repository/org/junit/jupiter/junit-jupiter-engine/5.8.2/junit-jupiter-engine-5.8.2.jar:/home/marcos/.m2/repository/org/junit/platform/junit-platform-engine/1.10.2/junit-platform-engine-1.10.2.jar:/home/marcos/.m2/repository/org/opentest4j/opentest4j/1.3.0/opentest4j-1.3.0.jar:/home/marcos/.m2/repository/org/junit/platform/junit-platform-commons/1.10.2/junit-platform-commons-1.10.2.jar:/home/marcos/.m2/repository/org/junit/jupiter/junit-jupiter-api/5.10.2/junit-jupiter-api-5.10.2.jar:/home/marcos/.m2/repository/org/apiguardian/apiguardian-api/1.1.2/apiguardian-api-1.1.2.jar:/home/marcos/.m2/repository/org/mockito/mockito-core/4.0.0/mockito-core-4.0.0.jar:/home/marcos/.m2/repository/net/bytebuddy/byte-buddy/1.14.16/byte-buddy-1.14.16.jar:/home/marcos/.m2/repository/net/bytebuddy/byte-buddy-agent/1.14.16/byte-buddy-agent-1.14.16.jar:/home/marcos/.m2/repository/org/objenesis/objenesis/3.2/objenesis-3.2.jar:/home/marcos/.m2/repository/org/springdoc/springdoc-openapi-starter-webmvc-ui/2.2.0/springdoc-openapi-starter-webmvc-ui-2.2.0.jar:/home/marcos/.m2/repository/org/springdoc/springdoc-openapi-starter-webmvc-api/2.2.0/springdoc-openapi-starter-webmvc-api-2.2.0.jar:/home/marcos/.m2/repository/org/springdoc/springdoc-openapi-starter-common/2.2.0/springdoc-openapi-starter-common-2.2.0.jar:/home/marcos/.m2/repository/io/swagger/core/v3/swagger-core-jakarta/2.2.15/swagger-core-jakarta-2.2.15.jar:/home/marcos/.m2/repository/org/apache/commons/commons-lang3/3.14.0/commons-lang3-3.14.0.jar:/home/marcos/.m2/repository/io/swagger/core/v3/swagger-annotations-jakarta/2.2.15/swagger-annotations-jakarta-2.2.15.jar:/home/marcos/.m2/repository/io/swagger/core/v3/swagger-models-jakarta/2.2.15/swagger-models-jakarta-2.2.15.jar:/home/marcos/.m2/repository/com/fasterxml/jackson/dataformat/jackson-dataformat-yaml/2.17.1/jackson-dataformat-yaml-2.17.1.jar:/home/marcos/.m2/repository/org/webjars/swagger-ui/5.2.0/swagger-ui-5.2.0.jar:/home/marcos/.m2/repository/org/springframework/amqp/spring-rabbit-test/3.1.5/spring-rabbit-test-3.1.5.jar:/home/marcos/.m2/repository/org/springframework/amqp/spring-rabbit-junit/3.1.5/spring-rabbit-junit-3.1.5.jar:/home/marcos/.m2/repository/org/hamcrest/hamcrest-library/2.2/hamcrest-library-2.2.jar:/home/marcos/.m2/repository/org/hamcrest/hamcrest-core/2.2/hamcrest-core-2.2.jar:"/>
    <property name="java.vm.vendor" value="Oracle Corporation"/>
    <property name="sun.arch.data.model" value="64"/>
    <property name="java.vendor.url" value="https://java.oracle.com/"/>
    <property name="user.timezone" value="America/Sao_Paulo"/>
    <property name="os.name" value="Linux"/>
    <property name="java.vm.specification.version" value="22"/>
    <property name="sun.java.launcher" value="SUN_STANDARD"/>
    <property name="user.country" value="US"/>
    <property name="sun.boot.library.path" value="/home/marcos/.jdks/openjdk-22.0.1/lib"/>
    <property name="sun.java.command" value="/home/marcos/projeto/fiap/tech_challenge_4/service--pedido/target/surefire/surefirebooter-20240714204037702_3.jar /home/marcos/projeto/fiap/tech_challenge_4/service--pedido/target/surefire 2024-07-14T20-40-37_637-jvmRun1 surefire-20240714204037702_1tmp surefire_0-20240714204037702_2tmp"/>
    <property name="jdk.debug" value="release"/>
    <property name="surefire.test.class.path" value="/home/marcos/projeto/fiap/tech_challenge_4/service--pedido/target/test-classes:/home/marcos/projeto/fiap/tech_challenge_4/service--pedido/target/classes:/home/marcos/.m2/repository/org/springframework/boot/spring-boot-starter-amqp/3.3.0/spring-boot-starter-amqp-3.3.0.jar:/home/marcos/.m2/repository/org/springframework/boot/spring-boot-starter/3.3.0/spring-boot-starter-3.3.0.jar:/home/marcos/.m2/repository/org/springframework/boot/spring-boot/3.3.0/spring-boot-3.3.0.jar:/home/marcos/.m2/repository/org/springframework/boot/spring-boot-autoconfigure/3.3.0/spring-boot-autoconfigure-3.3.0.jar:/home/marcos/.m2/repository/org/springframework/boot/spring-boot-starter-logging/3.3.0/spring-boot-starter-logging-3.3.0.jar:/home/marcos/.m2/repository/ch/qos/logback/logback-classic/1.5.6/logback-classic-1.5.6.jar:/home/marcos/.m2/repository/ch/qos/logback/logback-core/1.5.6/logback-core-1.5.6.jar:/home/marcos/.m2/repository/org/apache/logging/log4j/log4j-to-slf4j/2.23.1/log4j-to-slf4j-2.23.1.jar:/home/marcos/.m2/repository/org/apache/logging/log4j/log4j-api/2.23.1/log4j-api-2.23.1.jar:/home/marcos/.m2/repository/org/slf4j/jul-to-slf4j/2.0.13/jul-to-slf4j-2.0.13.jar:/home/marcos/.m2/repository/jakarta/annotation/jakarta.annotation-api/2.1.1/jakarta.annotation-api-2.1.1.jar:/home/marcos/.m2/repository/org/yaml/snakeyaml/2.2/snakeyaml-2.2.jar:/home/marcos/.m2/repository/org/springframework/spring-messaging/6.1.8/spring-messaging-6.1.8.jar:/home/marcos/.m2/repository/org/springframework/spring-beans/6.1.8/spring-beans-6.1.8.jar:/home/marcos/.m2/repository/org/springframework/amqp/spring-rabbit/3.1.5/spring-rabbit-3.1.5.jar:/home/marcos/.m2/repository/org/springframework/amqp/spring-amqp/3.1.5/spring-amqp-3.1.5.jar:/home/marcos/.m2/repository/org/springframework/retry/spring-retry/2.0.6/spring-retry-2.0.6.jar:/home/marcos/.m2/repository/com/rabbitmq/amqp-client/5.21.0/amqp-client-5.21.0.jar:/home/marcos/.m2/repository/org/springframework/spring-context/6.1.8/spring-context-6.1.8.jar:/home/marcos/.m2/repository/org/springframework/spring-tx/6.1.8/spring-tx-6.1.8.jar:/home/marcos/.m2/repository/io/micrometer/micrometer-observation/1.13.0/micrometer-observation-1.13.0.jar:/home/marcos/.m2/repository/io/micrometer/micrometer-commons/1.13.0/micrometer-commons-1.13.0.jar:/home/marcos/.m2/repository/org/springframework/boot/spring-boot-starter-web/3.3.0/spring-boot-starter-web-3.3.0.jar:/home/marcos/.m2/repository/org/springframework/boot/spring-boot-starter-json/3.3.0/spring-boot-starter-json-3.3.0.jar:/home/marcos/.m2/repository/com/fasterxml/jackson/core/jackson-databind/2.17.1/jackson-databind-2.17.1.jar:/home/marcos/.m2/repository/com/fasterxml/jackson/core/jackson-annotations/2.17.1/jackson-annotations-2.17.1.jar:/home/marcos/.m2/repository/com/fasterxml/jackson/core/jackson-core/2.17.1/jackson-core-2.17.1.jar:/home/marcos/.m2/repository/com/fasterxml/jackson/datatype/jackson-datatype-jdk8/2.17.1/jackson-datatype-jdk8-2.17.1.jar:/home/marcos/.m2/repository/com/fasterxml/jackson/datatype/jackson-datatype-jsr310/2.17.1/jackson-datatype-jsr310-2.17.1.jar:/home/marcos/.m2/repository/com/fasterxml/jackson/module/jackson-module-parameter-names/2.17.1/jackson-module-parameter-names-2.17.1.jar:/home/marcos/.m2/repository/org/springframework/boot/spring-boot-starter-tomcat/3.3.0/spring-boot-starter-tomcat-3.3.0.jar:/home/marcos/.m2/repository/org/apache/tomcat/embed/tomcat-embed-core/10.1.24/tomcat-embed-core-10.1.24.jar:/home/marcos/.m2/repository/org/apache/tomcat/embed/tomcat-embed-websocket/10.1.24/tomcat-embed-websocket-10.1.24.jar:/home/marcos/.m2/repository/org/springframework/spring-web/6.1.8/spring-web-6.1.8.jar:/home/marcos/.m2/repository/org/springframework/spring-webmvc/6.1.8/spring-webmvc-6.1.8.jar:/home/marcos/.m2/repository/org/springframework/spring-aop/6.1.8/spring-aop-6.1.8.jar:/home/marcos/.m2/repository/org/springframework/spring-expression/6.1.8/spring-expression-6.1.8.jar:/home/marcos/.m2/repository/org/springframework/boot/spring-boot-starter-data-mongodb/3.3.0/spring-boot-starter-data-mongodb-3.3.0.jar:/home/marcos/.m2/repository/org/mongodb/mongodb-driver-sync/5.0.1/mongodb-driver-sync-5.0.1.jar:/home/marcos/.m2/repository/org/mongodb/bson/5.0.1/bson-5.0.1.jar:/home/marcos/.m2/repository/org/mongodb/mongodb-driver-core/5.0.1/mongodb-driver-core-5.0.1.jar:/home/marcos/.m2/repository/org/mongodb/bson-record-codec/5.0.1/bson-record-codec-5.0.1.jar:/home/marcos/.m2/repository/org/springframework/data/spring-data-mongodb/4.3.0/spring-data-mongodb-4.3.0.jar:/home/marcos/.m2/repository/org/springframework/data/spring-data-commons/3.3.0/spring-data-commons-3.3.0.jar:/home/marcos/.m2/repository/org/slf4j/slf4j-api/2.0.13/slf4j-api-2.0.13.jar:/home/marcos/.m2/repository/org/springframework/boot/spring-boot-starter-validation/3.3.0/spring-boot-starter-validation-3.3.0.jar:/home/marcos/.m2/repository/org/apache/tomcat/embed/tomcat-embed-el/10.1.24/tomcat-embed-el-10.1.24.jar:/home/marcos/.m2/repository/org/hibernate/validator/hibernate-validator/8.0.1.Final/hibernate-validator-8.0.1.Final.jar:/home/marcos/.m2/repository/jakarta/validation/jakarta.validation-api/3.0.2/jakarta.validation-api-3.0.2.jar:/home/marcos/.m2/repository/org/jboss/logging/jboss-logging/3.5.3.Final/jboss-logging-3.5.3.Final.jar:/home/marcos/.m2/repository/com/fasterxml/classmate/1.7.0/classmate-1.7.0.jar:/home/marcos/.m2/repository/org/projectlombok/lombok/1.18.32/lombok-1.18.32.jar:/home/marcos/.m2/repository/org/springframework/boot/spring-boot-starter-test/3.3.0/spring-boot-starter-test-3.3.0.jar:/home/marcos/.m2/repository/org/springframework/boot/spring-boot-test/3.3.0/spring-boot-test-3.3.0.jar:/home/marcos/.m2/repository/org/springframework/boot/spring-boot-test-autoconfigure/3.3.0/spring-boot-test-autoconfigure-3.3.0.jar:/home/marcos/.m2/repository/com/jayway/jsonpath/json-path/2.9.0/json-path-2.9.0.jar:/home/marcos/.m2/repository/jakarta/xml/bind/jakarta.xml.bind-api/4.0.2/jakarta.xml.bind-api-4.0.2.jar:/home/marcos/.m2/repository/jakarta/activation/jakarta.activation-api/2.1.3/jakarta.activation-api-2.1.3.jar:/home/marcos/.m2/repository/net/minidev/json-smart/2.5.1/json-smart-2.5.1.jar:/home/marcos/.m2/repository/net/minidev/accessors-smart/2.5.1/accessors-smart-2.5.1.jar:/home/marcos/.m2/repository/org/ow2/asm/asm/9.6/asm-9.6.jar:/home/marcos/.m2/repository/org/assertj/assertj-core/3.25.3/assertj-core-3.25.3.jar:/home/marcos/.m2/repository/org/awaitility/awaitility/4.2.1/awaitility-4.2.1.jar:/home/marcos/.m2/repository/org/hamcrest/hamcrest/2.2/hamcrest-2.2.jar:/home/marcos/.m2/repository/org/junit/jupiter/junit-jupiter/5.10.2/junit-jupiter-5.10.2.jar:/home/marcos/.m2/repository/org/junit/jupiter/junit-jupiter-params/5.10.2/junit-jupiter-params-5.10.2.jar:/home/marcos/.m2/repository/org/mockito/mockito-junit-jupiter/5.11.0/mockito-junit-jupiter-5.11.0.jar:/home/marcos/.m2/repository/org/skyscreamer/jsonassert/1.5.1/jsonassert-1.5.1.jar:/home/marcos/.m2/repository/com/vaadin/external/google/android-json/0.0.20131108.vaadin1/android-json-0.0.20131108.vaadin1.jar:/home/marcos/.m2/repository/org/springframework/spring-core/6.1.8/spring-core-6.1.8.jar:/home/marcos/.m2/repository/org/springframework/spring-jcl/6.1.8/spring-jcl-6.1.8.jar:/home/marcos/.m2/repository/org/springframework/spring-test/6.1.8/spring-test-6.1.8.jar:/home/marcos/.m2/repository/org/xmlunit/xmlunit-core/2.9.1/xmlunit-core-2.9.1.jar:/home/marcos/.m2/repository/software/amazon/awssdk/sns/2.20.47/sns-2.20.47.jar:/home/marcos/.m2/repository/software/amazon/awssdk/aws-query-protocol/2.20.47/aws-query-protocol-2.20.47.jar:/home/marcos/.m2/repository/software/amazon/awssdk/protocol-core/2.20.47/protocol-core-2.20.47.jar:/home/marcos/.m2/repository/software/amazon/awssdk/sdk-core/2.20.47/sdk-core-2.20.47.jar:/home/marcos/.m2/repository/software/amazon/awssdk/profiles/2.20.47/profiles-2.20.47.jar:/home/marcos/.m2/repository/org/reactivestreams/reactive-streams/1.0.4/reactive-streams-1.0.4.jar:/home/marcos/.m2/repository/software/amazon/awssdk/auth/2.20.47/auth-2.20.47.jar:/home/marcos/.m2/repository/software/amazon/eventstream/eventstream/1.0.1/eventstream-1.0.1.jar:/home/marcos/.m2/repository/software/amazon/awssdk/http-client-spi/2.20.47/http-client-spi-2.20.47.jar:/home/marcos/.m2/repository/software/amazon/awssdk/regions/2.20.47/regions-2.20.47.jar:/home/marcos/.m2/repository/software/amazon/awssdk/annotations/2.20.47/annotations-2.20.47.jar:/home/marcos/.m2/repository/software/amazon/awssdk/utils/2.20.47/utils-2.20.47.jar:/home/marcos/.m2/repository/software/amazon/awssdk/aws-core/2.20.47/aws-core-2.20.47.jar:/home/marcos/.m2/repository/software/amazon/awssdk/metrics-spi/2.20.47/metrics-spi-2.20.47.jar:/home/marcos/.m2/repository/software/amazon/awssdk/json-utils/2.20.47/json-utils-2.20.47.jar:/home/marcos/.m2/repository/software/amazon/awssdk/third-party-jackson-core/2.20.47/third-party-jackson-core-2.20.47.jar:/home/marcos/.m2/repository/software/amazon/awssdk/endpoints-spi/2.20.47/endpoints-spi-2.20.47.jar:/home/marcos/.m2/repository/software/amazon/awssdk/apache-client/2.20.47/apache-client-2.20.47.jar:/home/marcos/.m2/repository/org/apache/httpcomponents/httpclient/4.5.13/httpclient-4.5.13.jar:/home/marcos/.m2/repository/commons-logging/commons-logging/1.2/commons-logging-1.2.jar:/home/marcos/.m2/repository/org/apache/httpcomponents/httpcore/4.4.16/httpcore-4.4.16.jar:/home/marcos/.m2/repository/commons-codec/commons-codec/1.16.1/commons-codec-1.16.1.jar:/home/marcos/.m2/repository/software/amazon/awssdk/netty-nio-client/2.20.47/netty-nio-client-2.20.47.jar:/home/marcos/.m2/repository/io/netty/netty-codec-http/4.1.110.Final/netty-codec-http-4.1.110.Final.jar:/home/marcos/.m2/repository/io/netty/netty-codec-http2/4.1.110.Final/netty-codec-http2-4.1.110.Final.jar:/home/marcos/.m2/repository/io/netty/netty-codec/4.1.110.Final/netty-codec-4.1.110.Final.jar:/home/marcos/.m2/repository/io/netty/netty-transport/4.1.110.Final/netty-transport-4.1.110.Final.jar:/home/marcos/.m2/repository/io/netty/netty-resolver/4.1.110.Final/netty-resolver-4.1.110.Final.jar:/home/marcos/.m2/repository/io/netty/netty-common/4.1.110.Final/netty-common-4.1.110.Final.jar:/home/marcos/.m2/repository/io/netty/netty-buffer/4.1.110.Final/netty-buffer-4.1.110.Final.jar:/home/marcos/.m2/repository/io/netty/netty-handler/4.1.110.Final/netty-handler-4.1.110.Final.jar:/home/marcos/.m2/repository/io/netty/netty-transport-native-unix-common/4.1.110.Final/netty-transport-native-unix-common-4.1.110.Final.jar:/home/marcos/.m2/repository/io/netty/netty-transport-classes-epoll/4.1.110.Final/netty-transport-classes-epoll-4.1.110.Final.jar:/home/marcos/.m2/repository/org/junit/jupiter/junit-jupiter-engine/5.8.2/junit-jupiter-engine-5.8.2.jar:/home/marcos/.m2/repository/org/junit/platform/junit-platform-engine/1.10.2/junit-platform-engine-1.10.2.jar:/home/marcos/.m2/repository/org/opentest4j/opentest4j/1.3.0/opentest4j-1.3.0.jar:/home/marcos/.m2/repository/org/junit/platform/junit-platform-commons/1.10.2/junit-platform-commons-1.10.2.jar:/home/marcos/.m2/repository/org/junit/jupiter/junit-jupiter-api/5.10.2/junit-jupiter-api-5.10.2.jar:/home/marcos/.m2/repository/org/apiguardian/apiguardian-api/1.1.2/apiguardian-api-1.1.2.jar:/home/marcos/.m2/repository/org/mockito/mockito-core/4.0.0/mockito-core-4.0.0.jar:/home/marcos/.m2/repository/net/bytebuddy/byte-buddy/1.14.16/byte-buddy-1.14.16.jar:/home/marcos/.m2/repository/net/bytebuddy/byte-buddy-agent/1.14.16/byte-buddy-agent-1.14.16.jar:/home/marcos/.m2/repository/org/objenesis/objenesis/3.2/objenesis-3.2.jar:/home/marcos/.m2/repository/org/springdoc/springdoc-openapi-starter-webmvc-ui/2.2.0/springdoc-openapi-starter-webmvc-ui-2.2.0.jar:/home/marcos/.m2/repository/org/springdoc/springdoc-openapi-starter-webmvc-api/2.2.0/springdoc-openapi-starter-webmvc-api-2.2.0.jar:/home/marcos/.m2/repository/org/springdoc/springdoc-openapi-starter-common/2.2.0/springdoc-openapi-starter-common-2.2.0.jar:/home/marcos/.m2/repository/io/swagger/core/v3/swagger-core-jakarta/2.2.15/swagger-core-jakarta-2.2.15.jar:/home/marcos/.m2/repository/org/apache/commons/commons-lang3/3.14.0/commons-lang3-3.14.0.jar:/home/marcos/.m2/repository/io/swagger/core/v3/swagger-annotations-jakarta/2.2.15/swagger-annotations-jakarta-2.2.15.jar:/home/marcos/.m2/repository/io/swagger/core/v3/swagger-models-jakarta/2.2.15/swagger-models-jakarta-2.2.15.jar:/home/marcos/.m2/repository/com/fasterxml/jackson/dataformat/jackson-dataformat-yaml/2.17.1/jackson-dataformat-yaml-2.17.1.jar:/home/marcos/.m2/repository/org/webjars/swagger-ui/5.2.0/swagger-ui-5.2.0.jar:/home/marcos/.m2/repository/org/springframework/amqp/spring-rabbit-test/3.1.5/spring-rabbit-test-3.1.5.jar:/home/marcos/.m2/repository/org/springframework/amqp/spring-rabbit-junit/3.1.5/spring-rabbit-junit-3.1.5.jar:/home/marcos/.m2/repository/org/hamcrest/hamcrest-library/2.2/hamcrest-library-2.2.jar:/home/marcos/.m2/repository/org/hamcrest/hamcrest-core/2.2/hamcrest-core-2.2.jar:"/>
    <property name="sun.cpu.endian" value="little"/>
    <property name="user.home" value="/home/marcos"/>
    <property name="user.language" value="en"/>
    <property name="java.specification.vendor" value="Oracle Corporation"/>
    <property name="java.version.date" value="2024-04-16"/>
    <property name="java.home" value="/home/marcos/.jdks/openjdk-22.0.1"/>
    <property name="file.separator" value="/"/>
    <property name="basedir" value="/home/marcos/projeto/fiap/tech_challenge_4/service--pedido"/>
    <property name="java.vm.compressedOopsMode" value="Zero based"/>
    <property name="line.separator" value="&#10;"/>
    <property name="java.specification.name" value="Java Platform API Specification"/>
    <property name="java.vm.specification.vendor" value="Oracle Corporation"/>
    <property name="surefire.real.class.path" value="/home/marcos/projeto/fiap/tech_challenge_4/service--pedido/target/surefire/surefirebooter-20240714204037702_3.jar"/>
    <property name="sun.management.compiler" value="HotSpot 64-Bit Tiered Compilers"/>
    <property name="java.runtime.version" value="22.0.1+8-16"/>
    <property name="user.name" value="marcos"/>
    <property name="stdout.encoding" value="UTF-8"/>
    <property name="path.separator" value=":"/>
    <property name="os.version" value="6.8.0-38-generic"/>
    <property name="java.runtime.name" value="OpenJDK Runtime Environment"/>
    <property name="file.encoding" value="UTF-8"/>
    <property name="java.vm.name" value="OpenJDK 64-Bit Server VM"/>
    <property name="localRepository" value="/home/marcos/.m2/repository"/>
    <property name="java.vendor.url.bug" value="https://bugreport.java.com/bugreport/"/>
    <property name="java.io.tmpdir" value="/tmp"/>
    <property name="idea.version" value="2024.1.4"/>
    <property name="java.version" value="22.0.1"/>
    <property name="user.dir" value="/home/marcos/projeto/fiap/tech_challenge_4/service--pedido"/>
    <property name="os.arch" value="amd64"/>
    <property name="java.vm.specification.name" value="Java Virtual Machine Specification"/>
    <property name="native.encoding" value="UTF-8"/>
    <property name="java.library.path" value="/usr/java/packages/lib:/usr/lib64:/lib64:/lib:/usr/lib"/>
    <property name="java.vm.info" value="mixed mode, sharing"/>
    <property name="stderr.encoding" value="UTF-8"/>
    <property name="java.vendor" value="Oracle Corporation"/>
    <property name="java.vm.version" value="22.0.1+8-16"/>
    <property name="sun.io.unicode.encoding" value="UnicodeLittle"/>
    <property name="java.class.version" value="66.0"/>
  </properties>
  <testcase name="testFindPedidoByIdNotFound" classname="br.com.fiap.postech.service_pedido.service.PedidoServiceImplTest" time="0.01"/>
  <testcase name="testFindAllPedidosSuccess" classname="br.com.fiap.postech.service_pedido.service.PedidoServiceImplTest" time="0.003"/>
  <testcase name="testDeletePedido" classname="br.com.fiap.postech.service_pedido.service.PedidoServiceImplTest" time="0.0"/>
  <testcase name="testFindPedidoByIdSuccess" classname="br.com.fiap.postech.service_pedido.service.PedidoServiceImplTest" time="0.009"/>
  <testcase name="testFindAllPedidosEmpty" classname="br.com.fiap.postech.service_pedido.service.PedidoServiceImplTest" time="0.001"/>
</testsuite>